SERVER/REPLICATION MANAGERS LOG

2023/01/03 11:42:24 server listening at 127.0.0.1:3000
2023/01/03 11:42:26 server listening at 127.0.0.1:3001
2023/01/03 11:42:35 RM 0: recieved an Add request for word: hello. definition: a greeting
2023/01/03 11:42:35 RM 0: sending Add request to backup RM
2023/01/03 11:42:35 RM 1: recieved an Add request for word: hello. definition: a greeting
2023/01/03 11:42:35 Backup RM updated!
2023/01/03 11:42:40 RM 0: value was read. Word recieved: hello, Definition returned: a greeting
2023/01/03 11:42:44 RM 0: value was read. Word recieved: hello, Definition returned: a greeting
2023/01/03 11:42:57 RM 0: recieved an Add request for word: hello. definition: something new
2023/01/03 11:42:57 RM 0: sending Add request to backup RM
2023/01/03 11:42:57 RM 1: recieved an Add request for word: hello. definition: something new
2023/01/03 11:42:57 Backup RM updated!
2023/01/03 11:43:00 RM 0: value was read. Word recieved: hello, Definition returned: something new
2023/01/03 11:43:08 RM 0: recieved an Add request for word: test. definition: this is a test
2023/01/03 11:43:08 RM 0: sending Add request to backup RM
2023/01/03 11:43:08 RM 1: recieved an Add request for word: test. definition: this is a test
2023/01/03 11:43:08 Backup RM updated!
2023/01/03 11:43:16 RM 0: value was read. Word recieved: test, Definition returned: this is a test
2023/01/03 11:43:30 RM 0: value was read. Word recieved: hello, Definition returned: something new
2023/01/03 11:43:33 RM 0: value was read. Word recieved: test, Definition returned: this is a test
2023/01/03 11:44:05 RM 0: recieved an Add request for word: test2. definition: hi
2023/01/03 11:44:05 RM 0: sending Add request to backup RM
2023/01/03 11:44:05 Could not copy data to backup RM: ERROR - rpc error: code = Unavailable desc = connection error: desc = "transport: Error while dialing dial tcp :3001: connect: connection refused"
2023/01/03 11:44:10 RM 0: value was read. Word recieved: test2, Definition returned: hi
2023/01/03 11:44:14 RM 0: value was read. Word recieved: test2, Definition returned: hi

-------------------------------------------------------------------------------------

CLIENT LOG

2023/01/03 11:42:35 Add succeeded: true
2023/01/03 11:42:40 Definition: a greeting
2023/01/03 11:42:44 Definition: a greeting
2023/01/03 11:42:57 Add succeeded: true
2023/01/03 11:43:00 Definition: something new
2023/01/03 11:43:08 Add succeeded: true
2023/01/03 11:43:16 Definition: this is a test
2023/01/03 11:43:30 Definition: something new
2023/01/03 11:43:33 Definition: this is a test
2023/01/03 11:44:05 Add succeeded: true
2023/01/03 11:44:10 Definition: hi
2023/01/03 11:44:14 Definition: hi
